{"/Users/davidmars/projects/CajaLosAndes/bff/src/app.module.ts": {"path":"/Users/davidmars/projects/CajaLosAndes/bff/src/app.module.ts","statementMap":{"0":{"start":{"line":1,"column":0},"end":{"line":1,"column":60}},"1":{"start":{"line":2,"column":0},"end":{"line":2,"column":99}},"2":{"start":{"line":3,"column":0},"end":{"line":3,"column":113}},"3":{"start":{"line":4,"column":0},"end":{"line":4,"column":46}},"4":{"start":{"line":5,"column":0},"end":{"line":5,"column":45}},"5":{"start":{"line":6,"column":0},"end":{"line":6,"column":53}},"6":{"start":{"line":7,"column":0},"end":{"line":7,"column":52}},"7":{"start":{"line":8,"column":0},"end":{"line":8,"column":43}},"8":{"start":{"line":11,"column":29},"end":{"line":11,"column":47}},"9":{"start":{"line":12,"column":25},"end":{"line":12,"column":41}},"10":{"start":{"line":24,"column":0},"end":{"line":30,"column":null}},"11":{"start":{"line":26,"column":4},"end":{"line":28,"column":53}},"12":{"start":{"line":24,"column":13},"end":{"line":30,"column":null}},"13":{"start":{"line":24,"column":13},"end":{"line":24,"column":22}}},"fnMap":{"0":{"name":"(anonymous_1)","decl":{"start":{"line":25,"column":2},"end":{"line":25,"column":11}},"loc":{"start":{"line":25,"column":40},"end":{"line":29,"column":3}}}},"branchMap":{},"s":{"0":0,"1":0,"2":0,"3":0,"4":0,"5":0,"6":0,"7":0,"8":0,"9":0,"10":0,"11":0,"12":0,"13":0},"f":{"0":0},"b":{}}
,"/Users/davidmars/projects/CajaLosAndes/bff/src/main.ts": {"path":"/Users/davidmars/projects/CajaLosAndes/bff/src/main.ts","statementMap":{"0":{"start":{"line":1,"column":0},"end":{"line":1,"column":33}},"1":{"start":{"line":2,"column":0},"end":{"line":2,"column":25}},"2":{"start":{"line":3,"column":0},"end":{"line":3,"column":43}},"3":{"start":{"line":4,"column":0},"end":{"line":4,"column":41}},"4":{"start":{"line":5,"column":0},"end":{"line":5,"column":75}},"5":{"start":{"line":6,"column":0},"end":{"line":6,"column":40}},"6":{"start":{"line":7,"column":0},"end":{"line":7,"column":78}},"7":{"start":{"line":8,"column":0},"end":{"line":8,"column":65}},"8":{"start":{"line":9,"column":0},"end":{"line":9,"column":59}},"9":{"start":{"line":10,"column":0},"end":{"line":10,"column":48}},"10":{"start":{"line":14,"column":17},"end":{"line":14,"column":66}},"11":{"start":{"line":15,"column":31},"end":{"line":15,"column":49}},"12":{"start":{"line":17,"column":24},"end":{"line":24,"column":12}},"13":{"start":{"line":26,"column":14},"end":{"line":28,"column":4}},"14":{"start":{"line":29,"column":2},"end":{"line":32,"column":null}},"15":{"start":{"line":30,"column":21},"end":{"line":30,"column":69}},"16":{"start":{"line":31,"column":4},"end":{"line":31,"column":46}},"17":{"start":{"line":33,"column":2},"end":{"line":33,"column":48}},"18":{"start":{"line":34,"column":2},"end":{"line":34,"column":43}},"19":{"start":{"line":35,"column":2},"end":{"line":35,"column":55}},"20":{"start":{"line":36,"column":2},"end":{"line":36,"column":55}},"21":{"start":{"line":38,"column":2},"end":{"line":41,"column":null}},"22":{"start":{"line":39,"column":4},"end":{"line":39,"column":24}},"23":{"start":{"line":40,"column":4},"end":{"line":40,"column":null}},"24":{"start":{"line":40,"column":29},"end":{"line":40,"column":40}},"25":{"start":{"line":44,"column":0},"end":{"line":44,"column":12}}},"fnMap":{"0":{"name":"bootstrap","decl":{"start":{"line":13,"column":15},"end":{"line":13,"column":24}},"loc":{"start":{"line":13,"column":24},"end":{"line":42,"column":1}}},"1":{"name":"(anonymous_1)","decl":{"start":{"line":40,"column":23},"end":{"line":40,"column":26}},"loc":{"start":{"line":40,"column":29},"end":{"line":40,"column":40}}}},"branchMap":{"0":{"loc":{"start":{"line":18,"column":14},"end":{"line":18,"column":64}},"type":"binary-expr","locations":[{"start":{"line":18,"column":14},"end":{"line":18,"column":38}},{"start":{"line":18,"column":42},"end":{"line":18,"column":64}}]},"1":{"loc":{"start":{"line":19,"column":20},"end":{"line":19,"column":84}},"type":"binary-expr","locations":[{"start":{"line":19,"column":20},"end":{"line":19,"column":51}},{"start":{"line":19,"column":55},"end":{"line":19,"column":84}}]},"2":{"loc":{"start":{"line":20,"column":16},"end":{"line":20,"column":72}},"type":"binary-expr","locations":[{"start":{"line":20,"column":16},"end":{"line":20,"column":43}},{"start":{"line":20,"column":47},"end":{"line":20,"column":72}}]},"3":{"loc":{"start":{"line":21,"column":16},"end":{"line":21,"column":82}},"type":"binary-expr","locations":[{"start":{"line":21,"column":16},"end":{"line":21,"column":48}},{"start":{"line":21,"column":52},"end":{"line":21,"column":82}}]},"4":{"loc":{"start":{"line":22,"column":6},"end":{"line":23,"column":37}},"type":"binary-expr","locations":[{"start":{"line":22,"column":6},"end":{"line":22,"column":39}},{"start":{"line":23,"column":6},"end":{"line":23,"column":37}}]},"5":{"loc":{"start":{"line":29,"column":2},"end":{"line":32,"column":null}},"type":"if","locations":[{"start":{"line":29,"column":2},"end":{"line":32,"column":null}}]},"6":{"loc":{"start":{"line":29,"column":6},"end":{"line":29,"column":65}},"type":"binary-expr","locations":[{"start":{"line":29,"column":6},"end":{"line":29,"column":26}},{"start":{"line":29,"column":30},"end":{"line":29,"column":65}}]},"7":{"loc":{"start":{"line":36,"column":19},"end":{"line":36,"column":53}},"type":"binary-expr","locations":[{"start":{"line":36,"column":19},"end":{"line":36,"column":35}},{"start":{"line":36,"column":39},"end":{"line":36,"column":53}}]},"8":{"loc":{"start":{"line":38,"column":2},"end":{"line":41,"column":null}},"type":"if","locations":[{"start":{"line":38,"column":2},"end":{"line":41,"column":null}}]}},"s":{"0":0,"1":0,"2":0,"3":0,"4":0,"5":0,"6":0,"7":0,"8":0,"9":0,"10":0,"11":0,"12":0,"13":0,"14":0,"15":0,"16":0,"17":0,"18":0,"19":0,"20":0,"21":0,"22":0,"23":0,"24":0,"25":0},"f":{"0":0,"1":0},"b":{"0":[0,0],"1":[0,0],"2":[0,0],"3":[0,0],"4":[0,0],"5":[0],"6":[0,0],"7":[0,0],"8":[0]}}
,"/Users/davidmars/projects/CajaLosAndes/bff/src/api/controller/index.ts": {"path":"/Users/davidmars/projects/CajaLosAndes/bff/src/api/controller/index.ts","statementMap":{"0":{"start":{"line":1,"column":0},"end":{"line":1,"column":47}},"1":{"start":{"line":2,"column":0},"end":{"line":2,"column":39}},"2":{"start":{"line":3,"column":0},"end":{"line":3,"column":49}},"3":{"start":{"line":4,"column":0},"end":{"line":4,"column":51}}},"fnMap":{},"branchMap":{},"s":{"0":4,"1":4,"2":4,"3":4},"f":{},"b":{}}
,"/Users/davidmars/projects/CajaLosAndes/bff/src/api/controller/aprobado/aprobado.controller.ts": {"path":"/Users/davidmars/projects/CajaLosAndes/bff/src/api/controller/aprobado/aprobado.controller.ts","statementMap":{"0":{"start":{"line":2,"column":0},"end":{"line":2,"column":null}},"1":{"start":{"line":6,"column":0},"end":{"line":6,"column":49}},"2":{"start":{"line":7,"column":0},"end":{"line":7,"column":40}},"3":{"start":{"line":8,"column":0},"end":{"line":8,"column":86}},"4":{"start":{"line":10,"column":0},"end":{"line":10,"column":55}},"5":{"start":{"line":14,"column":0},"end":{"line":55,"column":null}},"6":{"start":{"line":16,"column":21},"end":{"line":16,"column":38}},"7":{"start":{"line":18,"column":21},"end":{"line":18,"column":35}},"8":{"start":{"line":35,"column":20},"end":{"line":35,"column":29}},"9":{"start":{"line":36,"column":4},"end":{"line":39,"column":null}},"10":{"start":{"line":37,"column":6},"end":{"line":37,"column":42}},"11":{"start":{"line":38,"column":6},"end":{"line":38,"column":55}},"12":{"start":{"line":41,"column":4},"end":{"line":44,"column":null}},"13":{"start":{"line":42,"column":6},"end":{"line":42,"column":40}},"14":{"start":{"line":43,"column":6},"end":{"line":43,"column":51}},"15":{"start":{"line":46,"column":4},"end":{"line":46,"column":56}},"16":{"start":{"line":47,"column":19},"end":{"line":47,"column":56}},"17":{"start":{"line":48,"column":4},"end":{"line":48,"column":null}},"18":{"start":{"line":50,"column":4},"end":{"line":50,"column":18}},"19":{"start":{"line":34,"column":2},"end":{"line":51,"column":null}},"20":{"start":{"line":14,"column":13},"end":{"line":55,"column":null}},"21":{"start":{"line":14,"column":13},"end":{"line":14,"column":31}}},"fnMap":{"0":{"name":"(anonymous_4)","decl":{"start":{"line":15,"column":2},"end":{"line":15,"column":null}},"loc":{"start":{"line":18,"column":35},"end":{"line":19,"column":7}}},"1":{"name":"(anonymous_5)","decl":{"start":{"line":34,"column":2},"end":{"line":34,"column":13}},"loc":{"start":{"line":34,"column":39},"end":{"line":51,"column":3}}}},"branchMap":{"0":{"loc":{"start":{"line":36,"column":4},"end":{"line":39,"column":null}},"type":"if","locations":[{"start":{"line":36,"column":4},"end":{"line":39,"column":null}}]},"1":{"loc":{"start":{"line":41,"column":4},"end":{"line":44,"column":null}},"type":"if","locations":[{"start":{"line":41,"column":4},"end":{"line":44,"column":null}}]}},"s":{"0":4,"1":4,"2":4,"3":4,"4":4,"5":4,"6":3,"7":3,"8":1,"9":1,"10":0,"11":0,"12":1,"13":0,"14":0,"15":1,"16":1,"17":1,"18":1,"19":4,"20":4,"21":4},"f":{"0":3,"1":1},"b":{"0":[0],"1":[0]}}
,"/Users/davidmars/projects/CajaLosAndes/bff/src/api/controller/desembolso/desembolso.controller.ts": {"path":"/Users/davidmars/projects/CajaLosAndes/bff/src/api/controller/desembolso/desembolso.controller.ts","statementMap":{"0":{"start":{"line":2,"column":0},"end":{"line":2,"column":null}},"1":{"start":{"line":8,"column":0},"end":{"line":8,"column":51}},"2":{"start":{"line":9,"column":0},"end":{"line":9,"column":42}},"3":{"start":{"line":10,"column":0},"end":{"line":10,"column":86}},"4":{"start":{"line":12,"column":0},"end":{"line":12,"column":55}},"5":{"start":{"line":13,"column":0},"end":{"line":13,"column":52}},"6":{"start":{"line":17,"column":0},"end":{"line":82,"column":null}},"7":{"start":{"line":19,"column":21},"end":{"line":19,"column":40}},"8":{"start":{"line":21,"column":21},"end":{"line":21,"column":35}},"9":{"start":{"line":42,"column":42},"end":{"line":62,"column":6}},"10":{"start":{"line":64,"column":4},"end":{"line":67,"column":null}},"11":{"start":{"line":65,"column":6},"end":{"line":65,"column":49}},"12":{"start":{"line":66,"column":6},"end":{"line":66,"column":62}},"13":{"start":{"line":69,"column":4},"end":{"line":72,"column":null}},"14":{"start":{"line":70,"column":6},"end":{"line":70,"column":47}},"15":{"start":{"line":71,"column":6},"end":{"line":71,"column":58}},"16":{"start":{"line":73,"column":4},"end":{"line":73,"column":52}},"17":{"start":{"line":74,"column":19},"end":{"line":74,"column":61}},"18":{"start":{"line":75,"column":4},"end":{"line":75,"column":null}},"19":{"start":{"line":77,"column":4},"end":{"line":77,"column":18}},"20":{"start":{"line":40,"column":2},"end":{"line":78,"column":null}},"21":{"start":{"line":17,"column":13},"end":{"line":82,"column":null}},"22":{"start":{"line":17,"column":13},"end":{"line":17,"column":33}}},"fnMap":{"0":{"name":"(anonymous_4)","decl":{"start":{"line":18,"column":2},"end":{"line":18,"column":null}},"loc":{"start":{"line":21,"column":35},"end":{"line":22,"column":7}}},"1":{"name":"(anonymous_5)","decl":{"start":{"line":40,"column":2},"end":{"line":40,"column":15}},"loc":{"start":{"line":40,"column":45},"end":{"line":78,"column":3}}}},"branchMap":{"0":{"loc":{"start":{"line":64,"column":4},"end":{"line":67,"column":null}},"type":"if","locations":[{"start":{"line":64,"column":4},"end":{"line":67,"column":null}}]},"1":{"loc":{"start":{"line":69,"column":4},"end":{"line":72,"column":null}},"type":"if","locations":[{"start":{"line":69,"column":4},"end":{"line":72,"column":null}}]}},"s":{"0":4,"1":4,"2":4,"3":4,"4":4,"5":4,"6":4,"7":3,"8":3,"9":1,"10":1,"11":0,"12":0,"13":1,"14":0,"15":0,"16":1,"17":1,"18":1,"19":1,"20":4,"21":4,"22":4},"f":{"0":3,"1":1},"b":{"0":[0],"1":[0]}}
,"/Users/davidmars/projects/CajaLosAndes/bff/src/api/controller/simulador/simulador.controller.ts": {"path":"/Users/davidmars/projects/CajaLosAndes/bff/src/api/controller/simulador/simulador.controller.ts","statementMap":{"0":{"start":{"line":2,"column":0},"end":{"line":2,"column":null}},"1":{"start":{"line":8,"column":0},"end":{"line":8,"column":50}},"2":{"start":{"line":9,"column":0},"end":{"line":9,"column":41}},"3":{"start":{"line":10,"column":0},"end":{"line":10,"column":86}},"4":{"start":{"line":12,"column":0},"end":{"line":12,"column":55}},"5":{"start":{"line":13,"column":0},"end":{"line":13,"column":54}},"6":{"start":{"line":17,"column":0},"end":{"line":76,"column":null}},"7":{"start":{"line":19,"column":21},"end":{"line":19,"column":39}},"8":{"start":{"line":21,"column":21},"end":{"line":21,"column":35}},"9":{"start":{"line":39,"column":40},"end":{"line":56,"column":6}},"10":{"start":{"line":57,"column":4},"end":{"line":60,"column":null}},"11":{"start":{"line":58,"column":6},"end":{"line":58,"column":48}},"12":{"start":{"line":59,"column":6},"end":{"line":59,"column":61}},"13":{"start":{"line":62,"column":4},"end":{"line":65,"column":null}},"14":{"start":{"line":63,"column":6},"end":{"line":63,"column":46}},"15":{"start":{"line":64,"column":6},"end":{"line":64,"column":57}},"16":{"start":{"line":67,"column":4},"end":{"line":67,"column":51}},"17":{"start":{"line":68,"column":19},"end":{"line":68,"column":59}},"18":{"start":{"line":69,"column":4},"end":{"line":69,"column":null}},"19":{"start":{"line":71,"column":4},"end":{"line":71,"column":18}},"20":{"start":{"line":37,"column":2},"end":{"line":72,"column":null}},"21":{"start":{"line":17,"column":13},"end":{"line":76,"column":null}},"22":{"start":{"line":17,"column":13},"end":{"line":17,"column":32}}},"fnMap":{"0":{"name":"(anonymous_4)","decl":{"start":{"line":18,"column":2},"end":{"line":18,"column":null}},"loc":{"start":{"line":21,"column":35},"end":{"line":22,"column":7}}},"1":{"name":"(anonymous_5)","decl":{"start":{"line":37,"column":2},"end":{"line":37,"column":14}},"loc":{"start":{"line":37,"column":43},"end":{"line":72,"column":3}}}},"branchMap":{"0":{"loc":{"start":{"line":57,"column":4},"end":{"line":60,"column":null}},"type":"if","locations":[{"start":{"line":57,"column":4},"end":{"line":60,"column":null}}]},"1":{"loc":{"start":{"line":62,"column":4},"end":{"line":65,"column":null}},"type":"if","locations":[{"start":{"line":62,"column":4},"end":{"line":65,"column":null}}]}},"s":{"0":4,"1":4,"2":4,"3":4,"4":4,"5":4,"6":4,"7":3,"8":3,"9":1,"10":1,"11":0,"12":0,"13":1,"14":0,"15":0,"16":1,"17":1,"18":1,"19":1,"20":4,"21":4,"22":4},"f":{"0":3,"1":1},"b":{"0":[0],"1":[0]}}
,"/Users/davidmars/projects/CajaLosAndes/bff/src/api/controller/tasa/tasa.controller.ts": {"path":"/Users/davidmars/projects/CajaLosAndes/bff/src/api/controller/tasa/tasa.controller.ts","statementMap":{"0":{"start":{"line":2,"column":0},"end":{"line":2,"column":null}},"1":{"start":{"line":8,"column":0},"end":{"line":8,"column":45}},"2":{"start":{"line":9,"column":0},"end":{"line":9,"column":36}},"3":{"start":{"line":10,"column":0},"end":{"line":10,"column":86}},"4":{"start":{"line":12,"column":0},"end":{"line":12,"column":55}},"5":{"start":{"line":13,"column":0},"end":{"line":13,"column":49}},"6":{"start":{"line":17,"column":0},"end":{"line":70,"column":null}},"7":{"start":{"line":19,"column":21},"end":{"line":19,"column":35}},"8":{"start":{"line":21,"column":21},"end":{"line":21,"column":35}},"9":{"start":{"line":41,"column":30},"end":{"line":50,"column":null}},"10":{"start":{"line":51,"column":4},"end":{"line":54,"column":null}},"11":{"start":{"line":52,"column":6},"end":{"line":52,"column":43}},"12":{"start":{"line":53,"column":6},"end":{"line":53,"column":56}},"13":{"start":{"line":56,"column":4},"end":{"line":59,"column":null}},"14":{"start":{"line":57,"column":6},"end":{"line":57,"column":41}},"15":{"start":{"line":58,"column":6},"end":{"line":58,"column":52}},"16":{"start":{"line":61,"column":4},"end":{"line":61,"column":46}},"17":{"start":{"line":62,"column":19},"end":{"line":62,"column":50}},"18":{"start":{"line":63,"column":4},"end":{"line":63,"column":null}},"19":{"start":{"line":65,"column":4},"end":{"line":65,"column":18}},"20":{"start":{"line":38,"column":2},"end":{"line":66,"column":null}},"21":{"start":{"line":17,"column":13},"end":{"line":70,"column":null}},"22":{"start":{"line":17,"column":13},"end":{"line":17,"column":27}}},"fnMap":{"0":{"name":"(anonymous_4)","decl":{"start":{"line":18,"column":2},"end":{"line":18,"column":null}},"loc":{"start":{"line":21,"column":35},"end":{"line":22,"column":7}}},"1":{"name":"(anonymous_5)","decl":{"start":{"line":38,"column":2},"end":{"line":38,"column":9}},"loc":{"start":{"line":39,"column":27},"end":{"line":66,"column":3}}}},"branchMap":{"0":{"loc":{"start":{"line":51,"column":4},"end":{"line":54,"column":null}},"type":"if","locations":[{"start":{"line":51,"column":4},"end":{"line":54,"column":null}}]},"1":{"loc":{"start":{"line":56,"column":4},"end":{"line":59,"column":null}},"type":"if","locations":[{"start":{"line":56,"column":4},"end":{"line":59,"column":null}}]}},"s":{"0":4,"1":4,"2":4,"3":4,"4":4,"5":4,"6":4,"7":3,"8":3,"9":1,"10":1,"11":0,"12":0,"13":1,"14":0,"15":0,"16":1,"17":1,"18":1,"19":1,"20":4,"21":4,"22":4},"f":{"0":3,"1":1},"b":{"0":[0],"1":[0]}}
,"/Users/davidmars/projects/CajaLosAndes/bff/src/api/dto/aprobado.dto.ts": {"path":"/Users/davidmars/projects/CajaLosAndes/bff/src/api/dto/aprobado.dto.ts","statementMap":{"0":{"start":{"line":1,"column":0},"end":{"line":1,"column":76}},"1":{"start":{"line":2,"column":0},"end":{"line":2,"column":46}},"2":{"start":{"line":9,"column":4},"end":{"line":9,"column":null}},"3":{"start":{"line":14,"column":4},"end":{"line":14,"column":null}},"4":{"start":{"line":18,"column":4},"end":{"line":18,"column":null}},"5":{"start":{"line":23,"column":4},"end":{"line":23,"column":null}},"6":{"start":{"line":27,"column":4},"end":{"line":27,"column":null}},"7":{"start":{"line":31,"column":4},"end":{"line":31,"column":null}},"8":{"start":{"line":35,"column":4},"end":{"line":35,"column":null}},"9":{"start":{"line":40,"column":4},"end":{"line":40,"column":null}},"10":{"start":{"line":45,"column":4},"end":{"line":45,"column":null}},"11":{"start":{"line":50,"column":4},"end":{"line":50,"column":null}},"12":{"start":{"line":4,"column":0},"end":{"line":4,"column":13}}},"fnMap":{},"branchMap":{},"s":{"0":4,"1":4,"2":4,"3":4,"4":4,"5":4,"6":4,"7":4,"8":4,"9":4,"10":4,"11":4,"12":4},"f":{},"b":{}}
,"/Users/davidmars/projects/CajaLosAndes/bff/src/api/dto/desembolso.dto.ts": {"path":"/Users/davidmars/projects/CajaLosAndes/bff/src/api/dto/desembolso.dto.ts","statementMap":{"0":{"start":{"line":1,"column":0},"end":{"line":1,"column":107}},"1":{"start":{"line":2,"column":0},"end":{"line":2,"column":46}},"2":{"start":{"line":3,"column":0},"end":{"line":3,"column":41}},"3":{"start":{"line":10,"column":4},"end":{"line":10,"column":null}},"4":{"start":{"line":15,"column":4},"end":{"line":15,"column":null}},"5":{"start":{"line":20,"column":4},"end":{"line":20,"column":null}},"6":{"start":{"line":24,"column":4},"end":{"line":24,"column":null}},"7":{"start":{"line":28,"column":4},"end":{"line":28,"column":null}},"8":{"start":{"line":32,"column":4},"end":{"line":32,"column":null}},"9":{"start":{"line":36,"column":4},"end":{"line":36,"column":null}},"10":{"start":{"line":6,"column":0},"end":{"line":6,"column":13}},"11":{"start":{"line":47,"column":4},"end":{"line":47,"column":null}},"12":{"start":{"line":51,"column":4},"end":{"line":51,"column":null}},"13":{"start":{"line":56,"column":4},"end":{"line":56,"column":null}},"14":{"start":{"line":60,"column":4},"end":{"line":60,"column":null}},"15":{"start":{"line":64,"column":4},"end":{"line":64,"column":null}},"16":{"start":{"line":69,"column":4},"end":{"line":69,"column":null}},"17":{"start":{"line":66,"column":16},"end":{"line":66,"column":20}},"18":{"start":{"line":76,"column":4},"end":{"line":76,"column":null}},"19":{"start":{"line":42,"column":0},"end":{"line":42,"column":13}}},"fnMap":{"0":{"name":"(anonymous_2)","decl":{"start":{"line":66,"column":10},"end":{"line":66,"column":13}},"loc":{"start":{"line":66,"column":16},"end":{"line":66,"column":20}}}},"branchMap":{},"s":{"0":4,"1":4,"2":4,"3":4,"4":4,"5":4,"6":4,"7":4,"8":4,"9":4,"10":4,"11":4,"12":4,"13":4,"14":4,"15":4,"16":4,"17":0,"18":4,"19":4},"f":{"0":0},"b":{}}
,"/Users/davidmars/projects/CajaLosAndes/bff/src/api/dto/index.ts": {"path":"/Users/davidmars/projects/CajaLosAndes/bff/src/api/dto/index.ts","statementMap":{"0":{"start":{"line":2,"column":0},"end":{"line":2,"column":31}},"1":{"start":{"line":3,"column":0},"end":{"line":3,"column":27}},"2":{"start":{"line":4,"column":0},"end":{"line":4,"column":32}},"3":{"start":{"line":5,"column":0},"end":{"line":5,"column":33}}},"fnMap":{},"branchMap":{},"s":{"0":4,"1":4,"2":4,"3":4},"f":{},"b":{}}
,"/Users/davidmars/projects/CajaLosAndes/bff/src/api/dto/simulador.dto.ts": {"path":"/Users/davidmars/projects/CajaLosAndes/bff/src/api/dto/simulador.dto.ts","statementMap":{"0":{"start":{"line":1,"column":0},"end":{"line":1,"column":76}},"1":{"start":{"line":2,"column":0},"end":{"line":2,"column":46}},"2":{"start":{"line":8,"column":4},"end":{"line":8,"column":null}},"3":{"start":{"line":12,"column":4},"end":{"line":12,"column":null}},"4":{"start":{"line":15,"column":4},"end":{"line":15,"column":null}},"5":{"start":{"line":19,"column":4},"end":{"line":19,"column":null}},"6":{"start":{"line":24,"column":4},"end":{"line":24,"column":null}},"7":{"start":{"line":29,"column":4},"end":{"line":29,"column":null}},"8":{"start":{"line":33,"column":4},"end":{"line":33,"column":null}},"9":{"start":{"line":38,"column":4},"end":{"line":38,"column":null}},"10":{"start":{"line":43,"column":4},"end":{"line":43,"column":null}},"11":{"start":{"line":47,"column":4},"end":{"line":47,"column":null}},"12":{"start":{"line":51,"column":4},"end":{"line":51,"column":null}},"13":{"start":{"line":55,"column":4},"end":{"line":55,"column":null}},"14":{"start":{"line":59,"column":4},"end":{"line":59,"column":null}},"15":{"start":{"line":63,"column":4},"end":{"line":63,"column":null}},"16":{"start":{"line":68,"column":4},"end":{"line":68,"column":null}},"17":{"start":{"line":73,"column":4},"end":{"line":73,"column":null}},"18":{"start":{"line":4,"column":0},"end":{"line":4,"column":13}}},"fnMap":{},"branchMap":{},"s":{"0":4,"1":4,"2":4,"3":4,"4":4,"5":4,"6":4,"7":4,"8":4,"9":4,"10":4,"11":4,"12":4,"13":4,"14":4,"15":4,"16":4,"17":4,"18":4},"f":{},"b":{}}
,"/Users/davidmars/projects/CajaLosAndes/bff/src/api/dto/tasa.dto.ts": {"path":"/Users/davidmars/projects/CajaLosAndes/bff/src/api/dto/tasa.dto.ts","statementMap":{"0":{"start":{"line":1,"column":0},"end":{"line":1,"column":76}},"1":{"start":{"line":2,"column":0},"end":{"line":2,"column":46}},"2":{"start":{"line":9,"column":4},"end":{"line":9,"column":null}},"3":{"start":{"line":14,"column":4},"end":{"line":14,"column":null}},"4":{"start":{"line":19,"column":4},"end":{"line":19,"column":null}},"5":{"start":{"line":23,"column":4},"end":{"line":23,"column":null}},"6":{"start":{"line":27,"column":4},"end":{"line":27,"column":null}},"7":{"start":{"line":33,"column":4},"end":{"line":33,"column":null}},"8":{"start":{"line":38,"column":4},"end":{"line":38,"column":null}},"9":{"start":{"line":42,"column":4},"end":{"line":42,"column":null}},"10":{"start":{"line":4,"column":0},"end":{"line":4,"column":13}}},"fnMap":{},"branchMap":{},"s":{"0":4,"1":4,"2":4,"3":4,"4":4,"5":4,"6":4,"7":4,"8":4,"9":4,"10":4},"f":{},"b":{}}
,"/Users/davidmars/projects/CajaLosAndes/bff/src/api/entity/post.entity.ts": {"path":"/Users/davidmars/projects/CajaLosAndes/bff/src/api/entity/post.entity.ts","statementMap":{"0":{"start":{"line":1,"column":0},"end":{"line":1,"column":64}},"1":{"start":{"line":4,"column":0},"end":{"line":24,"column":null}},"2":{"start":{"line":6,"column":2},"end":{"line":6,"column":null}},"3":{"start":{"line":11,"column":2},"end":{"line":11,"column":null}},"4":{"start":{"line":14,"column":2},"end":{"line":14,"column":null}},"5":{"start":{"line":17,"column":2},"end":{"line":17,"column":null}},"6":{"start":{"line":20,"column":2},"end":{"line":20,"column":null}},"7":{"start":{"line":23,"column":2},"end":{"line":23,"column":null}},"8":{"start":{"line":4,"column":13},"end":{"line":24,"column":null}},"9":{"start":{"line":4,"column":13},"end":{"line":4,"column":17}}},"fnMap":{},"branchMap":{},"s":{"0":0,"1":0,"2":0,"3":0,"4":0,"5":0,"6":0,"7":0,"8":0,"9":0},"f":{},"b":{}}
,"/Users/davidmars/projects/CajaLosAndes/bff/src/api/exceptions/http-exceptions.filter.ts": {"path":"/Users/davidmars/projects/CajaLosAndes/bff/src/api/exceptions/http-exceptions.filter.ts","statementMap":{"0":{"start":{"line":1,"column":0},"end":{"line":1,"column":98}},"1":{"start":{"line":5,"column":0},"end":{"line":24,"column":null}},"2":{"start":{"line":7,"column":20},"end":{"line":7,"column":39}},"3":{"start":{"line":8,"column":25},"end":{"line":8,"column":52}},"4":{"start":{"line":9,"column":24},"end":{"line":9,"column":49}},"5":{"start":{"line":10,"column":23},"end":{"line":12,"column":46}},"6":{"start":{"line":14,"column":24},"end":{"line":14,"column":80}},"7":{"start":{"line":15,"column":8},"end":{"line":22,"column":15}},"8":{"start":{"line":5,"column":13},"end":{"line":24,"column":null}},"9":{"start":{"line":5,"column":13},"end":{"line":5,"column":32}}},"fnMap":{"0":{"name":"(anonymous_1)","decl":{"start":{"line":6,"column":4},"end":{"line":6,"column":9}},"loc":{"start":{"line":6,"column":45},"end":{"line":23,"column":5}}}},"branchMap":{"0":{"loc":{"start":{"line":10,"column":23},"end":{"line":12,"column":46}},"type":"cond-expr","locations":[{"start":{"line":11,"column":14},"end":{"line":11,"column":35}},{"start":{"line":12,"column":14},"end":{"line":12,"column":46}}]},"1":{"loc":{"start":{"line":14,"column":24},"end":{"line":14,"column":80}},"type":"cond-expr","locations":[{"start":{"line":14,"column":44},"end":{"line":14,"column":61}},{"start":{"line":14,"column":64},"end":{"line":14,"column":80}}]},"2":{"loc":{"start":{"line":20,"column":22},"end":{"line":20,"column":39}},"type":"binary-expr","locations":[{"start":{"line":20,"column":22},"end":{"line":20,"column":33}},{"start":{"line":20,"column":37},"end":{"line":20,"column":39}}]}},"s":{"0":0,"1":0,"2":0,"3":0,"4":0,"5":0,"6":0,"7":0,"8":0,"9":0},"f":{"0":0},"b":{"0":[0,0],"1":[0,0],"2":[0,0]}}
,"/Users/davidmars/projects/CajaLosAndes/bff/src/api/middleware/index.ts": {"path":"/Users/davidmars/projects/CajaLosAndes/bff/src/api/middleware/index.ts","statementMap":{"0":{"start":{"line":1,"column":0},"end":{"line":1,"column":36}}},"fnMap":{},"branchMap":{},"s":{"0":0},"f":{},"b":{}}
,"/Users/davidmars/projects/CajaLosAndes/bff/src/api/middleware/logger.middleware.ts": {"path":"/Users/davidmars/projects/CajaLosAndes/bff/src/api/middleware/logger.middleware.ts","statementMap":{"0":{"start":{"line":2,"column":0},"end":{"line":2,"column":68}},"1":{"start":{"line":4,"column":0},"end":{"line":4,"column":55}},"2":{"start":{"line":6,"column":18},"end":{"line":6,"column":52}},"3":{"start":{"line":10,"column":0},"end":{"line":26,"column":null}},"4":{"start":{"line":13,"column":54},"end":{"line":13,"column":68}},"5":{"start":{"line":17,"column":15},"end":{"line":17,"column":41}},"6":{"start":{"line":19,"column":4},"end":{"line":19,"column":null}},"7":{"start":{"line":20,"column":4},"end":{"line":20,"column":65}},"8":{"start":{"line":21,"column":4},"end":{"line":23,"column":6}},"9":{"start":{"line":24,"column":4},"end":{"line":24,"column":11}},"10":{"start":{"line":10,"column":13},"end":{"line":26,"column":null}},"11":{"start":{"line":10,"column":13},"end":{"line":10,"column":29}}},"fnMap":{"0":{"name":"(anonymous_4)","decl":{"start":{"line":11,"column":2},"end":{"line":11,"column":null}},"loc":{"start":{"line":13,"column":68},"end":{"line":14,"column":6}}},"1":{"name":"(anonymous_5)","decl":{"start":{"line":16,"column":2},"end":{"line":16,"column":5}},"loc":{"start":{"line":16,"column":53},"end":{"line":25,"column":3}}}},"branchMap":{},"s":{"0":0,"1":0,"2":0,"3":0,"4":0,"5":0,"6":0,"7":0,"8":0,"9":0,"10":0,"11":0},"f":{"0":0,"1":0},"b":{}}
,"/Users/davidmars/projects/CajaLosAndes/bff/src/api/response/desembolso.response.ts": {"path":"/Users/davidmars/projects/CajaLosAndes/bff/src/api/response/desembolso.response.ts","statementMap":{"0":{"start":{"line":1,"column":0},"end":{"line":1,"column":96}},"1":{"start":{"line":2,"column":0},"end":{"line":2,"column":46}},"2":{"start":{"line":3,"column":0},"end":{"line":3,"column":41}},"3":{"start":{"line":10,"column":4},"end":{"line":10,"column":null}},"4":{"start":{"line":15,"column":4},"end":{"line":15,"column":null}},"5":{"start":{"line":19,"column":4},"end":{"line":19,"column":null}},"6":{"start":{"line":23,"column":4},"end":{"line":23,"column":null}},"7":{"start":{"line":21,"column":16},"end":{"line":21,"column":20}},"8":{"start":{"line":6,"column":0},"end":{"line":6,"column":13}},"9":{"start":{"line":33,"column":4},"end":{"line":33,"column":null}},"10":{"start":{"line":37,"column":4},"end":{"line":37,"column":null}},"11":{"start":{"line":42,"column":4},"end":{"line":42,"column":null}},"12":{"start":{"line":48,"column":4},"end":{"line":48,"column":null}},"13":{"start":{"line":59,"column":4},"end":{"line":59,"column":null}},"14":{"start":{"line":28,"column":0},"end":{"line":28,"column":13}}},"fnMap":{"0":{"name":"(anonymous_2)","decl":{"start":{"line":21,"column":10},"end":{"line":21,"column":13}},"loc":{"start":{"line":21,"column":16},"end":{"line":21,"column":20}}}},"branchMap":{},"s":{"0":4,"1":4,"2":4,"3":4,"4":4,"5":4,"6":4,"7":0,"8":4,"9":4,"10":4,"11":4,"12":4,"13":4,"14":4},"f":{"0":0},"b":{}}
,"/Users/davidmars/projects/CajaLosAndes/bff/src/api/response/index.ts": {"path":"/Users/davidmars/projects/CajaLosAndes/bff/src/api/response/index.ts","statementMap":{"0":{"start":{"line":1,"column":0},"end":{"line":1,"column":32}},"1":{"start":{"line":2,"column":0},"end":{"line":2,"column":37}},"2":{"start":{"line":3,"column":0},"end":{"line":3,"column":38}}},"fnMap":{},"branchMap":{},"s":{"0":4,"1":4,"2":4},"f":{},"b":{}}
,"/Users/davidmars/projects/CajaLosAndes/bff/src/api/response/simulador.response.ts": {"path":"/Users/davidmars/projects/CajaLosAndes/bff/src/api/response/simulador.response.ts","statementMap":{"0":{"start":{"line":1,"column":0},"end":{"line":1,"column":96}},"1":{"start":{"line":2,"column":0},"end":{"line":2,"column":46}},"2":{"start":{"line":3,"column":0},"end":{"line":3,"column":41}},"3":{"start":{"line":10,"column":4},"end":{"line":10,"column":null}},"4":{"start":{"line":15,"column":4},"end":{"line":15,"column":null}},"5":{"start":{"line":20,"column":4},"end":{"line":20,"column":null}},"6":{"start":{"line":25,"column":4},"end":{"line":25,"column":null}},"7":{"start":{"line":30,"column":4},"end":{"line":30,"column":null}},"8":{"start":{"line":34,"column":4},"end":{"line":34,"column":null}},"9":{"start":{"line":32,"column":16},"end":{"line":32,"column":20}},"10":{"start":{"line":39,"column":4},"end":{"line":39,"column":null}},"11":{"start":{"line":5,"column":0},"end":{"line":5,"column":13}},"12":{"start":{"line":48,"column":4},"end":{"line":48,"column":null}},"13":{"start":{"line":53,"column":4},"end":{"line":53,"column":null}},"14":{"start":{"line":58,"column":4},"end":{"line":58,"column":null}},"15":{"start":{"line":63,"column":4},"end":{"line":63,"column":null}},"16":{"start":{"line":68,"column":4},"end":{"line":68,"column":null}},"17":{"start":{"line":73,"column":4},"end":{"line":73,"column":null}},"18":{"start":{"line":78,"column":4},"end":{"line":78,"column":null}},"19":{"start":{"line":83,"column":4},"end":{"line":83,"column":null}},"20":{"start":{"line":88,"column":4},"end":{"line":88,"column":null}},"21":{"start":{"line":93,"column":4},"end":{"line":93,"column":null}},"22":{"start":{"line":102,"column":4},"end":{"line":102,"column":null}},"23":{"start":{"line":43,"column":0},"end":{"line":43,"column":13}}},"fnMap":{"0":{"name":"(anonymous_2)","decl":{"start":{"line":32,"column":10},"end":{"line":32,"column":13}},"loc":{"start":{"line":32,"column":16},"end":{"line":32,"column":20}}}},"branchMap":{},"s":{"0":4,"1":4,"2":4,"3":4,"4":4,"5":4,"6":4,"7":4,"8":4,"9":0,"10":4,"11":4,"12":4,"13":4,"14":4,"15":4,"16":4,"17":4,"18":4,"19":4,"20":4,"21":4,"22":4,"23":4},"f":{"0":0},"b":{}}
,"/Users/davidmars/projects/CajaLosAndes/bff/src/api/response/tasa.response.ts": {"path":"/Users/davidmars/projects/CajaLosAndes/bff/src/api/response/tasa.response.ts","statementMap":{"0":{"start":{"line":1,"column":0},"end":{"line":1,"column":76}},"1":{"start":{"line":2,"column":0},"end":{"line":2,"column":46}},"2":{"start":{"line":9,"column":4},"end":{"line":9,"column":null}},"3":{"start":{"line":14,"column":4},"end":{"line":14,"column":null}},"4":{"start":{"line":4,"column":0},"end":{"line":4,"column":13}}},"fnMap":{},"branchMap":{},"s":{"0":4,"1":4,"2":4,"3":4,"4":4},"f":{},"b":{}}
,"/Users/davidmars/projects/CajaLosAndes/bff/src/api/services/aprobado.service.ts": {"path":"/Users/davidmars/projects/CajaLosAndes/bff/src/api/services/aprobado.service.ts","statementMap":{"0":{"start":{"line":1,"column":0},"end":{"line":1,"column":33}},"1":{"start":{"line":2,"column":0},"end":{"line":2,"column":25}},"2":{"start":{"line":3,"column":0},"end":{"line":3,"column":44}},"3":{"start":{"line":5,"column":0},"end":{"line":5,"column":44}},"4":{"start":{"line":7,"column":0},"end":{"line":7,"column":56}},"5":{"start":{"line":10,"column":0},"end":{"line":26,"column":null}},"6":{"start":{"line":14,"column":12},"end":{"line":14,"column":18}},"7":{"start":{"line":11,"column":10},"end":{"line":11,"column":66}},"8":{"start":{"line":19,"column":21},"end":{"line":19,"column":129}},"9":{"start":{"line":20,"column":4},"end":{"line":20,"column":25}},"10":{"start":{"line":10,"column":13},"end":{"line":26,"column":null}},"11":{"start":{"line":10,"column":13},"end":{"line":10,"column":28}}},"fnMap":{"0":{"name":"(anonymous_2)","decl":{"start":{"line":13,"column":2},"end":{"line":13,"column":null}},"loc":{"start":{"line":14,"column":29},"end":{"line":15,"column":7}}},"1":{"name":"(anonymous_3)","decl":{"start":{"line":18,"column":2},"end":{"line":18,"column":7}},"loc":{"start":{"line":18,"column":31},"end":{"line":22,"column":3}}}},"branchMap":{},"s":{"0":4,"1":4,"2":4,"3":4,"4":4,"5":4,"6":0,"7":0,"8":0,"9":0,"10":4,"11":4},"f":{"0":0,"1":0},"b":{}}
,"/Users/davidmars/projects/CajaLosAndes/bff/src/api/services/desembolso.service.ts": {"path":"/Users/davidmars/projects/CajaLosAndes/bff/src/api/services/desembolso.service.ts","statementMap":{"0":{"start":{"line":1,"column":0},"end":{"line":1,"column":33}},"1":{"start":{"line":2,"column":0},"end":{"line":2,"column":25}},"2":{"start":{"line":3,"column":0},"end":{"line":3,"column":44}},"3":{"start":{"line":5,"column":0},"end":{"line":5,"column":44}},"4":{"start":{"line":7,"column":0},"end":{"line":7,"column":56}},"5":{"start":{"line":11,"column":0},"end":{"line":27,"column":null}},"6":{"start":{"line":15,"column":12},"end":{"line":15,"column":18}},"7":{"start":{"line":12,"column":10},"end":{"line":12,"column":66}},"8":{"start":{"line":20,"column":16},"end":{"line":20,"column":131}},"9":{"start":{"line":21,"column":4},"end":{"line":21,"column":20}},"10":{"start":{"line":11,"column":13},"end":{"line":27,"column":null}},"11":{"start":{"line":11,"column":13},"end":{"line":11,"column":30}}},"fnMap":{"0":{"name":"(anonymous_2)","decl":{"start":{"line":14,"column":2},"end":{"line":14,"column":null}},"loc":{"start":{"line":15,"column":29},"end":{"line":16,"column":7}}},"1":{"name":"(anonymous_3)","decl":{"start":{"line":19,"column":2},"end":{"line":19,"column":7}},"loc":{"start":{"line":19,"column":41},"end":{"line":23,"column":3}}}},"branchMap":{},"s":{"0":4,"1":4,"2":4,"3":4,"4":4,"5":4,"6":0,"7":0,"8":0,"9":0,"10":4,"11":4},"f":{"0":0,"1":0},"b":{}}
,"/Users/davidmars/projects/CajaLosAndes/bff/src/api/services/index.ts": {"path":"/Users/davidmars/projects/CajaLosAndes/bff/src/api/services/index.ts","statementMap":{"0":{"start":{"line":1,"column":0},"end":{"line":1,"column":35}},"1":{"start":{"line":2,"column":0},"end":{"line":2,"column":32}},"2":{"start":{"line":3,"column":0},"end":{"line":3,"column":36}},"3":{"start":{"line":4,"column":0},"end":{"line":4,"column":37}}},"fnMap":{},"branchMap":{},"s":{"0":4,"1":4,"2":4,"3":4},"f":{},"b":{}}
,"/Users/davidmars/projects/CajaLosAndes/bff/src/api/services/simulador.service.ts": {"path":"/Users/davidmars/projects/CajaLosAndes/bff/src/api/services/simulador.service.ts","statementMap":{"0":{"start":{"line":1,"column":0},"end":{"line":1,"column":33}},"1":{"start":{"line":2,"column":0},"end":{"line":2,"column":25}},"2":{"start":{"line":3,"column":0},"end":{"line":3,"column":44}},"3":{"start":{"line":5,"column":0},"end":{"line":5,"column":44}},"4":{"start":{"line":7,"column":0},"end":{"line":7,"column":56}},"5":{"start":{"line":11,"column":0},"end":{"line":27,"column":null}},"6":{"start":{"line":15,"column":12},"end":{"line":15,"column":18}},"7":{"start":{"line":12,"column":10},"end":{"line":12,"column":66}},"8":{"start":{"line":13,"column":10},"end":{"line":13,"column":79}},"9":{"start":{"line":20,"column":22},"end":{"line":20,"column":90}},"10":{"start":{"line":21,"column":4},"end":{"line":21,"column":26}},"11":{"start":{"line":11,"column":13},"end":{"line":27,"column":null}},"12":{"start":{"line":11,"column":13},"end":{"line":11,"column":29}}},"fnMap":{"0":{"name":"(anonymous_2)","decl":{"start":{"line":14,"column":2},"end":{"line":14,"column":null}},"loc":{"start":{"line":15,"column":29},"end":{"line":16,"column":7}}},"1":{"name":"(anonymous_3)","decl":{"start":{"line":19,"column":2},"end":{"line":19,"column":7}},"loc":{"start":{"line":19,"column":39},"end":{"line":23,"column":3}}}},"branchMap":{},"s":{"0":4,"1":4,"2":4,"3":4,"4":4,"5":4,"6":0,"7":0,"8":0,"9":0,"10":0,"11":4,"12":4},"f":{"0":0,"1":0},"b":{}}
,"/Users/davidmars/projects/CajaLosAndes/bff/src/api/services/tasas.service.ts": {"path":"/Users/davidmars/projects/CajaLosAndes/bff/src/api/services/tasas.service.ts","statementMap":{"0":{"start":{"line":1,"column":0},"end":{"line":1,"column":33}},"1":{"start":{"line":2,"column":0},"end":{"line":2,"column":25}},"2":{"start":{"line":3,"column":0},"end":{"line":3,"column":44}},"3":{"start":{"line":5,"column":0},"end":{"line":5,"column":44}},"4":{"start":{"line":7,"column":0},"end":{"line":7,"column":56}},"5":{"start":{"line":11,"column":0},"end":{"line":27,"column":null}},"6":{"start":{"line":15,"column":12},"end":{"line":15,"column":18}},"7":{"start":{"line":12,"column":10},"end":{"line":12,"column":66}},"8":{"start":{"line":20,"column":17},"end":{"line":20,"column":129}},"9":{"start":{"line":21,"column":4},"end":{"line":21,"column":21}},"10":{"start":{"line":11,"column":13},"end":{"line":27,"column":null}},"11":{"start":{"line":11,"column":13},"end":{"line":11,"column":24}}},"fnMap":{"0":{"name":"(anonymous_2)","decl":{"start":{"line":14,"column":2},"end":{"line":14,"column":null}},"loc":{"start":{"line":15,"column":29},"end":{"line":16,"column":7}}},"1":{"name":"(anonymous_3)","decl":{"start":{"line":19,"column":2},"end":{"line":19,"column":7}},"loc":{"start":{"line":19,"column":29},"end":{"line":23,"column":3}}}},"branchMap":{},"s":{"0":4,"1":4,"2":4,"3":4,"4":4,"5":4,"6":0,"7":0,"8":0,"9":0,"10":4,"11":4},"f":{"0":0,"1":0},"b":{}}
,"/Users/davidmars/projects/CajaLosAndes/bff/src/api/utils/dotenv-options.ts": {"path":"/Users/davidmars/projects/CajaLosAndes/bff/src/api/utils/dotenv-options.ts","statementMap":{"0":{"start":{"line":1,"column":0},"end":{"line":1,"column":29}},"1":{"start":{"line":3,"column":12},"end":{"line":3,"column":49}},"2":{"start":{"line":4,"column":10},"end":{"line":4,"column":52}},"3":{"start":{"line":5,"column":22},"end":{"line":7,"column":2}},"4":{"start":{"line":9,"column":9},"end":{"line":9,"column":22}}},"fnMap":{},"branchMap":{"0":{"loc":{"start":{"line":3,"column":12},"end":{"line":3,"column":49}},"type":"binary-expr","locations":[{"start":{"line":3,"column":12},"end":{"line":3,"column":32}},{"start":{"line":3,"column":36},"end":{"line":3,"column":49}}]}},"s":{"0":4,"1":4,"2":4,"3":4,"4":4},"f":{},"b":{"0":[4,0]}}
,"/Users/davidmars/projects/CajaLosAndes/bff/src/api/utils/index.ts": {"path":"/Users/davidmars/projects/CajaLosAndes/bff/src/api/utils/index.ts","statementMap":{"0":{"start":{"line":1,"column":0},"end":{"line":1,"column":33}}},"fnMap":{},"branchMap":{},"s":{"0":0},"f":{},"b":{}}
,"/Users/davidmars/projects/CajaLosAndes/bff/src/config/http.config.ts": {"path":"/Users/davidmars/projects/CajaLosAndes/bff/src/config/http.config.ts","statementMap":{"0":{"start":{"line":1,"column":0},"end":{"line":1,"column":33}},"1":{"start":{"line":2,"column":0},"end":{"line":2,"column":25}},"2":{"start":{"line":3,"column":0},"end":{"line":3,"column":33}},"3":{"start":{"line":4,"column":0},"end":{"line":4,"column":60}},"4":{"start":{"line":11,"column":19},"end":{"line":11,"column":68}},"5":{"start":{"line":15,"column":4},"end":{"line":15,"column":48}},"6":{"start":{"line":16,"column":4},"end":{"line":20,"column":6}},"7":{"start":{"line":24,"column":4},"end":{"line":24,"column":24}},"8":{"start":{"line":28,"column":44},"end":{"line":33,"column":20}},"9":{"start":{"line":35,"column":49},"end":{"line":36,"column":null}},"10":{"start":{"line":38,"column":4},"end":{"line":40,"column":null}},"11":{"start":{"line":39,"column":6},"end":{"line":39,"column":67}},"12":{"start":{"line":41,"column":4},"end":{"line":41,"column":30}},"13":{"start":{"line":6,"column":0},"end":{"line":6,"column":13}}},"fnMap":{"0":{"name":"(anonymous_0)","decl":{"start":{"line":10,"column":2},"end":{"line":10,"column":null}},"loc":{"start":{"line":10,"column":2},"end":{"line":21,"column":3}}},"1":{"name":"(anonymous_1)","decl":{"start":{"line":23,"column":9},"end":{"line":23,"column":19}},"loc":{"start":{"line":23,"column":19},"end":{"line":25,"column":3}}},"2":{"name":"(anonymous_2)","decl":{"start":{"line":27,"column":10},"end":{"line":27,"column":23}},"loc":{"start":{"line":27,"column":54},"end":{"line":42,"column":3}}}},"branchMap":{"0":{"loc":{"start":{"line":38,"column":4},"end":{"line":40,"column":null}},"type":"if","locations":[{"start":{"line":38,"column":4},"end":{"line":40,"column":null}}]}},"s":{"0":4,"1":4,"2":4,"3":4,"4":0,"5":0,"6":0,"7":0,"8":0,"9":0,"10":0,"11":0,"12":0,"13":4},"f":{"0":0,"1":0,"2":0},"b":{"0":[0]}}
,"/Users/davidmars/projects/CajaLosAndes/bff/src/config/index.ts": {"path":"/Users/davidmars/projects/CajaLosAndes/bff/src/config/index.ts","statementMap":{"0":{"start":{"line":1,"column":0},"end":{"line":1,"column":32}},"1":{"start":{"line":2,"column":0},"end":{"line":2,"column":29}}},"fnMap":{},"branchMap":{},"s":{"0":4,"1":4},"f":{},"b":{}}
,"/Users/davidmars/projects/CajaLosAndes/bff/src/config/logger.config.ts": {"path":"/Users/davidmars/projects/CajaLosAndes/bff/src/config/logger.config.ts","statementMap":{"0":{"start":{"line":1,"column":0},"end":{"line":1,"column":54}},"1":{"start":{"line":2,"column":0},"end":{"line":2,"column":33}},"2":{"start":{"line":3,"column":0},"end":{"line":3,"column":25}},"3":{"start":{"line":4,"column":0},"end":{"line":4,"column":60}},"4":{"start":{"line":8,"column":10},"end":{"line":8,"column":69}},"5":{"start":{"line":11,"column":4},"end":{"line":21,"column":6}},"6":{"start":{"line":17,"column":10},"end":{"line":17,"column":68}},"7":{"start":{"line":25,"column":4},"end":{"line":25,"column":24}},"8":{"start":{"line":6,"column":0},"end":{"line":6,"column":13}}},"fnMap":{"0":{"name":"(anonymous_0)","decl":{"start":{"line":10,"column":2},"end":{"line":10,"column":null}},"loc":{"start":{"line":10,"column":2},"end":{"line":22,"column":3}}},"1":{"name":"(anonymous_1)","decl":{"start":{"line":16,"column":22},"end":{"line":16,"column":23}},"loc":{"start":{"line":16,"column":30},"end":{"line":18,"column":9}}},"2":{"name":"(anonymous_2)","decl":{"start":{"line":24,"column":9},"end":{"line":24,"column":16}},"loc":{"start":{"line":24,"column":16},"end":{"line":26,"column":3}}}},"branchMap":{},"s":{"0":4,"1":4,"2":4,"3":4,"4":4,"5":4,"6":8,"7":12,"8":4},"f":{"0":4,"1":8,"2":12},"b":{}}
}
