TN:
SF:src/app.module.ts
FN:25,(anonymous_1)
FNF:1
FNH:0
FNDA:0,(anonymous_1)
DA:1,0
DA:2,0
DA:3,0
DA:4,0
DA:5,0
DA:6,0
DA:7,0
DA:8,0
DA:11,0
DA:12,0
DA:24,0
DA:26,0
LF:12
LH:0
BRF:0
BRH:0
end_of_record
TN:
SF:src/main.ts
FN:13,bootstrap
FN:40,(anonymous_1)
FNF:2
FNH:0
FNDA:0,bootstrap
FNDA:0,(anonymous_1)
DA:1,0
DA:2,0
DA:3,0
DA:4,0
DA:5,0
DA:6,0
DA:7,0
DA:8,0
DA:9,0
DA:10,0
DA:14,0
DA:15,0
DA:17,0
DA:26,0
DA:29,0
DA:30,0
DA:31,0
DA:33,0
DA:34,0
DA:35,0
DA:36,0
DA:38,0
DA:39,0
DA:40,0
DA:44,0
LF:25
LH:0
BRDA:18,0,0,0
BRDA:18,0,1,0
BRDA:19,1,0,0
BRDA:19,1,1,0
BRDA:20,2,0,0
BRDA:20,2,1,0
BRDA:21,3,0,0
BRDA:21,3,1,0
BRDA:22,4,0,0
BRDA:22,4,1,0
BRDA:29,5,0,0
BRDA:29,6,0,0
BRDA:29,6,1,0
BRDA:36,7,0,0
BRDA:36,7,1,0
BRDA:38,8,0,0
BRF:16
BRH:0
end_of_record
TN:
SF:src/api/controller/index.ts
FNF:0
FNH:0
DA:1,4
DA:2,4
DA:3,4
DA:4,4
LF:4
LH:4
BRF:0
BRH:0
end_of_record
TN:
SF:src/api/controller/aprobado/aprobado.controller.ts
FN:15,(anonymous_4)
FN:34,(anonymous_5)
FNF:2
FNH:2
FNDA:3,(anonymous_4)
FNDA:1,(anonymous_5)
DA:2,4
DA:6,4
DA:7,4
DA:8,4
DA:10,4
DA:14,4
DA:16,3
DA:18,3
DA:34,4
DA:35,1
DA:36,1
DA:37,0
DA:38,0
DA:41,1
DA:42,0
DA:43,0
DA:46,1
DA:47,1
DA:48,1
DA:50,1
LF:20
LH:16
BRDA:36,0,0,0
BRDA:41,1,0,0
BRF:2
BRH:0
end_of_record
TN:
SF:src/api/controller/desembolso/desembolso.controller.ts
FN:18,(anonymous_4)
FN:40,(anonymous_5)
FNF:2
FNH:2
FNDA:3,(anonymous_4)
FNDA:1,(anonymous_5)
DA:2,4
DA:8,4
DA:9,4
DA:10,4
DA:12,4
DA:13,4
DA:17,4
DA:19,3
DA:21,3
DA:40,4
DA:42,1
DA:64,1
DA:65,0
DA:66,0
DA:69,1
DA:70,0
DA:71,0
DA:73,1
DA:74,1
DA:75,1
DA:77,1
LF:21
LH:17
BRDA:64,0,0,0
BRDA:69,1,0,0
BRF:2
BRH:0
end_of_record
TN:
SF:src/api/controller/simulador/simulador.controller.ts
FN:18,(anonymous_4)
FN:37,(anonymous_5)
FNF:2
FNH:2
FNDA:3,(anonymous_4)
FNDA:1,(anonymous_5)
DA:2,4
DA:8,4
DA:9,4
DA:10,4
DA:12,4
DA:13,4
DA:17,4
DA:19,3
DA:21,3
DA:37,4
DA:39,1
DA:57,1
DA:58,0
DA:59,0
DA:62,1
DA:63,0
DA:64,0
DA:67,1
DA:68,1
DA:69,1
DA:71,1
LF:21
LH:17
BRDA:57,0,0,0
BRDA:62,1,0,0
BRF:2
BRH:0
end_of_record
TN:
SF:src/api/controller/tasa/tasa.controller.ts
FN:18,(anonymous_4)
FN:38,(anonymous_5)
FNF:2
FNH:2
FNDA:3,(anonymous_4)
FNDA:1,(anonymous_5)
DA:2,4
DA:8,4
DA:9,4
DA:10,4
DA:12,4
DA:13,4
DA:17,4
DA:19,3
DA:21,3
DA:38,4
DA:41,1
DA:51,1
DA:52,0
DA:53,0
DA:56,1
DA:57,0
DA:58,0
DA:61,1
DA:62,1
DA:63,1
DA:65,1
LF:21
LH:17
BRDA:51,0,0,0
BRDA:56,1,0,0
BRF:2
BRH:0
end_of_record
TN:
SF:src/api/dto/aprobado.dto.ts
FNF:0
FNH:0
DA:1,4
DA:2,4
DA:4,4
DA:9,4
DA:14,4
DA:18,4
DA:23,4
DA:27,4
DA:31,4
DA:35,4
DA:40,4
DA:45,4
DA:50,4
LF:13
LH:13
BRF:0
BRH:0
end_of_record
TN:
SF:src/api/dto/desembolso.dto.ts
FN:66,(anonymous_2)
FNF:1
FNH:0
FNDA:0,(anonymous_2)
DA:1,4
DA:2,4
DA:3,4
DA:6,4
DA:10,4
DA:15,4
DA:20,4
DA:24,4
DA:28,4
DA:32,4
DA:36,4
DA:42,4
DA:47,4
DA:51,4
DA:56,4
DA:60,4
DA:64,4
DA:66,0
DA:69,4
DA:76,4
LF:20
LH:19
BRF:0
BRH:0
end_of_record
TN:
SF:src/api/dto/index.ts
FNF:0
FNH:0
DA:2,4
DA:3,4
DA:4,4
DA:5,4
LF:4
LH:4
BRF:0
BRH:0
end_of_record
TN:
SF:src/api/dto/simulador.dto.ts
FNF:0
FNH:0
DA:1,4
DA:2,4
DA:4,4
DA:8,4
DA:12,4
DA:15,4
DA:19,4
DA:24,4
DA:29,4
DA:33,4
DA:38,4
DA:43,4
DA:47,4
DA:51,4
DA:55,4
DA:59,4
DA:63,4
DA:68,4
DA:73,4
LF:19
LH:19
BRF:0
BRH:0
end_of_record
TN:
SF:src/api/dto/tasa.dto.ts
FNF:0
FNH:0
DA:1,4
DA:2,4
DA:4,4
DA:9,4
DA:14,4
DA:19,4
DA:23,4
DA:27,4
DA:33,4
DA:38,4
DA:42,4
LF:11
LH:11
BRF:0
BRH:0
end_of_record
TN:
SF:src/api/entity/post.entity.ts
FNF:0
FNH:0
DA:1,0
DA:4,0
DA:6,0
DA:11,0
DA:14,0
DA:17,0
DA:20,0
DA:23,0
LF:8
LH:0
BRF:0
BRH:0
end_of_record
TN:
SF:src/api/exceptions/http-exceptions.filter.ts
FN:6,(anonymous_1)
FNF:1
FNH:0
FNDA:0,(anonymous_1)
DA:1,0
DA:5,0
DA:7,0
DA:8,0
DA:9,0
DA:10,0
DA:14,0
DA:15,0
LF:8
LH:0
BRDA:10,0,0,0
BRDA:10,0,1,0
BRDA:14,1,0,0
BRDA:14,1,1,0
BRDA:20,2,0,0
BRDA:20,2,1,0
BRF:6
BRH:0
end_of_record
TN:
SF:src/api/middleware/index.ts
FNF:0
FNH:0
DA:1,0
LF:1
LH:0
BRF:0
BRH:0
end_of_record
TN:
SF:src/api/middleware/logger.middleware.ts
FN:11,(anonymous_4)
FN:16,(anonymous_5)
FNF:2
FNH:0
FNDA:0,(anonymous_4)
FNDA:0,(anonymous_5)
DA:2,0
DA:4,0
DA:6,0
DA:10,0
DA:13,0
DA:17,0
DA:19,0
DA:20,0
DA:21,0
DA:24,0
LF:10
LH:0
BRF:0
BRH:0
end_of_record
TN:
SF:src/api/response/desembolso.response.ts
FN:21,(anonymous_2)
FNF:1
FNH:0
FNDA:0,(anonymous_2)
DA:1,4
DA:2,4
DA:3,4
DA:6,4
DA:10,4
DA:15,4
DA:19,4
DA:21,0
DA:23,4
DA:28,4
DA:33,4
DA:37,4
DA:42,4
DA:48,4
DA:59,4
LF:15
LH:14
BRF:0
BRH:0
end_of_record
TN:
SF:src/api/response/index.ts
FNF:0
FNH:0
DA:1,4
DA:2,4
DA:3,4
LF:3
LH:3
BRF:0
BRH:0
end_of_record
TN:
SF:src/api/response/simulador.response.ts
FN:32,(anonymous_2)
FNF:1
FNH:0
FNDA:0,(anonymous_2)
DA:1,4
DA:2,4
DA:3,4
DA:5,4
DA:10,4
DA:15,4
DA:20,4
DA:25,4
DA:30,4
DA:32,0
DA:34,4
DA:39,4
DA:43,4
DA:48,4
DA:53,4
DA:58,4
DA:63,4
DA:68,4
DA:73,4
DA:78,4
DA:83,4
DA:88,4
DA:93,4
DA:102,4
LF:24
LH:23
BRF:0
BRH:0
end_of_record
TN:
SF:src/api/response/tasa.response.ts
FNF:0
FNH:0
DA:1,4
DA:2,4
DA:4,4
DA:9,4
DA:14,4
LF:5
LH:5
BRF:0
BRH:0
end_of_record
TN:
SF:src/api/services/aprobado.service.ts
FN:13,(anonymous_2)
FN:18,(anonymous_3)
FNF:2
FNH:0
FNDA:0,(anonymous_2)
FNDA:0,(anonymous_3)
DA:1,4
DA:2,4
DA:3,4
DA:5,4
DA:7,4
DA:10,4
DA:11,0
DA:14,0
DA:19,0
DA:20,0
LF:10
LH:6
BRF:0
BRH:0
end_of_record
TN:
SF:src/api/services/desembolso.service.ts
FN:14,(anonymous_2)
FN:19,(anonymous_3)
FNF:2
FNH:0
FNDA:0,(anonymous_2)
FNDA:0,(anonymous_3)
DA:1,4
DA:2,4
DA:3,4
DA:5,4
DA:7,4
DA:11,4
DA:12,0
DA:15,0
DA:20,0
DA:21,0
LF:10
LH:6
BRF:0
BRH:0
end_of_record
TN:
SF:src/api/services/index.ts
FNF:0
FNH:0
DA:1,4
DA:2,4
DA:3,4
DA:4,4
LF:4
LH:4
BRF:0
BRH:0
end_of_record
TN:
SF:src/api/services/simulador.service.ts
FN:14,(anonymous_2)
FN:19,(anonymous_3)
FNF:2
FNH:0
FNDA:0,(anonymous_2)
FNDA:0,(anonymous_3)
DA:1,4
DA:2,4
DA:3,4
DA:5,4
DA:7,4
DA:11,4
DA:12,0
DA:13,0
DA:15,0
DA:20,0
DA:21,0
LF:11
LH:6
BRF:0
BRH:0
end_of_record
TN:
SF:src/api/services/tasas.service.ts
FN:14,(anonymous_2)
FN:19,(anonymous_3)
FNF:2
FNH:0
FNDA:0,(anonymous_2)
FNDA:0,(anonymous_3)
DA:1,4
DA:2,4
DA:3,4
DA:5,4
DA:7,4
DA:11,4
DA:12,0
DA:15,0
DA:20,0
DA:21,0
LF:10
LH:6
BRF:0
BRH:0
end_of_record
TN:
SF:src/api/utils/dotenv-options.ts
FNF:0
FNH:0
DA:1,4
DA:3,4
DA:4,4
DA:5,4
DA:9,4
LF:5
LH:5
BRDA:3,0,0,4
BRDA:3,0,1,0
BRF:2
BRH:1
end_of_record
TN:
SF:src/api/utils/index.ts
FNF:0
FNH:0
DA:1,0
LF:1
LH:0
BRF:0
BRH:0
end_of_record
TN:
SF:src/config/http.config.ts
FN:10,(anonymous_0)
FN:23,(anonymous_1)
FN:27,(anonymous_2)
FNF:3
FNH:0
FNDA:0,(anonymous_0)
FNDA:0,(anonymous_1)
FNDA:0,(anonymous_2)
DA:1,4
DA:2,4
DA:3,4
DA:4,4
DA:6,4
DA:11,0
DA:15,0
DA:16,0
DA:24,0
DA:28,0
DA:35,0
DA:38,0
DA:39,0
DA:41,0
LF:14
LH:5
BRDA:38,0,0,0
BRF:1
BRH:0
end_of_record
TN:
SF:src/config/index.ts
FNF:0
FNH:0
DA:1,4
DA:2,4
LF:2
LH:2
BRF:0
BRH:0
end_of_record
TN:
SF:src/config/logger.config.ts
FN:10,(anonymous_0)
FN:16,(anonymous_1)
FN:24,(anonymous_2)
FNF:3
FNH:3
FNDA:4,(anonymous_0)
FNDA:8,(anonymous_1)
FNDA:12,(anonymous_2)
DA:1,4
DA:2,4
DA:3,4
DA:4,4
DA:6,4
DA:8,4
DA:11,4
DA:17,8
DA:25,12
LF:9
LH:9
BRF:0
BRH:0
end_of_record
